<?xml version="1.0" encoding="utf-8"?><testsuites name="pytest tests"><testsuite name="pytest" errors="0" failures="0" skipped="0" tests="9" time="1.122" timestamp="2026-05-22T14:09:16.261368+00:00" hostname="agent-env-2e40ef9c-71b6-4ff7-a312-8967406c044f"><testcase classname="backend.tests.backend_test.TestHealth" name="test_health_ok" time="0.345" /><testcase classname="backend.tests.backend_test.TestHealth" name="test_root" time="0.070" /><testcase classname="backend.tests.backend_test.TestContact" name="test_contact_success" time="0.079" /><testcase classname="backend.tests.backend_test.TestContact" name="test_contact_without_company_ok" time="0.073" /><testcase classname="backend.tests.backend_test.TestContact" name="test_contact_invalid_email" time="0.077" /><testcase classname="backend.tests.backend_test.TestContact" name="test_contact_missing_name" time="0.073" /><testcase classname="backend.tests.backend_test.TestContact" name="test_contact_missing_message" time="0.074" /><testcase classname="backend.tests.backend_test.TestContact" name="test_contact_message_too_short" time="0.074" /><testcase classname="backend.tests.backend_test.TestContact" name="test_contact_empty_name" time="0.069" /></testsuite></testsuites>